W0519 20:29:16.194000 2966 site-packages/torch/distributed/elastic/multiprocessing/redirects.py:29] NOTE: Redirects are currently not supported in Windows or MacOs.
Loading model on cpu (torch.float32)...
Loading weights:   0%|          | 0/1951 [00:00<?, ?it/s]Loading weights:  10%|▉         | 189/1951 [00:00<00:01, 1729.03it/s]Loading weights:  19%|█▉        | 379/1951 [00:00<00:00, 1825.69it/s]Loading weights:  29%|██▉       | 562/1951 [00:00<00:00, 1814.26it/s]Loading weights:  39%|███▊      | 754/1951 [00:03<00:08, 144.71it/s] Loading weights:  39%|███▊      | 754/1951 [00:20<00:08, 144.71it/s]Loading weights:  39%|███▊      | 755/1951 [00:20<01:07, 17.68it/s] Loading weights:  68%|██████▊   | 1327/1951 [00:20<00:10, 60.27it/s]Loading weights: 100%|██████████| 1951/1951 [00:20<00:00, 96.24it/s]
Building StaticCache (batch=1, max_seq=512)...
Wrapping language model...
Eager sanity check (does the wrapper even run?)...
  eager OK — logits shape: (1, 16, 262144)

Attempting torch.export with dynamic seq dim...
✓ Export SUCCEEDED.

Graph signature:

# inputs
p_language_model_embed_tokens_weight: PARAMETER target='language_model.embed_tokens.weight'
p_language_model_layers_0_self_attn_q_proj_weight: PARAMETER target='language_model.layers.0.self_attn.q_proj.weight'
p_language_model_layers_0_self_attn_q_norm_weight: PARAMETER target='language_model.layers.0.self_attn.q_norm.weight'
p_language_model_layers_0_self_attn_k_norm_weight: PARAMETER target='language_model.layers.0.self_attn.k_norm.weight'
p_language_model_layers_0_self_attn_k_proj_weight: PARAMETER target='language_model.layers.0.self_attn.k_proj.weight'
p_language_model_layers_0_self_attn_v_proj_weight: PARAMETER target='language_model.layers.0.self_attn.v_proj.weight'
p_language_model_layers_0_self_attn_o_proj_weight: PARAMETER target='language_model.layers.0.self_attn.o_proj.weight'
p_language_model_layers_0_mlp_gate_proj_weight: PARAMETER target='language_model.layers.0.mlp.gate_proj.weight'
p_language_model_layers_0_mlp_up_proj_weight: PARAMETER target='language_model.layers.0.mlp.up_proj.weight'
p_language_model_layers_0_mlp_down_proj_weight: PARAMETER target='language_model.layers.0.mlp.down_proj.weight'
p_language_model_layers_0_input_layernorm_weight: PARAMETER target='language_model.layers.0.input_layernorm.weight'
p_language_model_layers_0_post_attention_layernorm_weight: PARAMETER target='language_model.layers.0.post_attention_layernorm.weight'
p_language_model_layers_0_pre_feedforward_layernorm_weight: PARAMETER target='language_model.layers.0.pre_feedforward_layernorm.weight'
p_language_model_layers_0_post_feedforward_layernorm_weight: PARAMETER target='language_model.layers.0.post_feedforward_layernorm.weight'
p_language_model_layers_0_per_layer_input_gate_weight: PARAMETER target='language_model.layers.0.per_layer_input_gate.weight'
p_language_model_layers_0_per_layer_projection_weight: PARAMETER target='language_model.layers.0.per_layer_projection.weight'
p_language_model_layers_0_post_per_layer_input_norm_weight: PARAMETER target='language_model.layers.0.post_per_layer_input_norm.weight'
p_language_model_layers_1_self_attn_q_proj_weight: PARAMETER target='language_model.layers.1.self_attn.q_proj.weight'
p_language_model_layers_1_self_attn_q_norm_weight: PARAMETER target='language_model.layers.1.self_attn.q_norm.weight'
p_language_model_layers_1_self_attn_k_norm_weight: PARAMETER target='language_model.layers.1.self_attn.k_norm.weight'
p_language_model_layers_1_self_attn_k_proj_weight: PARAMETER target='language_model.layers.1.self_attn.k_proj.weight'
p_language_model_layers_1_self_attn_v_proj_weight: PARAMETER target='language_model.layers.1.self_attn.v_proj.weight'
p_language_model_layers_1_self_attn_o_proj_weight: PARAMETER target='language_model.layers.1.self_attn.o_proj.weight'
p_language_model_layers_1_mlp_gate_proj_weight: PARAMETER target='language_model.layers.1.mlp.gate_proj.weight'
p_language_model_layers_1_mlp_up_proj_weight: PARAMETER target='language_model.layers.1.mlp.up_proj.weight'
p_language_model_layers_1_mlp_down_proj_weight: PARAMETER target='language_model.layers.1.mlp.down_proj.weight'
p_language_model_layers_1_input_layernorm_weight: PARAMETER target='language_model.layers.1.input_layernorm.weight'
p_language_model_layers_1_post_attention_layernorm_weight: PARAMETER target='language_model.layers.1.post_attention_layernorm.weight'
p_language_model_layers_1_pre_feedforward_layernorm_weight: PARAMETER target='language_model.layers.1.pre_feedforward_layernorm.weight'
p_language_model_layers_1_post_feedforward_layernorm_weight: PARAMETER target='language_model.layers.1.post_feedforward_layernorm.weight'
p_language_model_layers_1_per_layer_input_gate_weight: PARAMETER target='language_model.layers.1.per_layer_input_gate.weight'
p_language_model_layers_1_per_layer_projection_weight: PARAMETER target='language_model.layers.1.per_layer_projection.weight'
p_language_model_layers_1_post_per_layer_input_norm_weight: PARAMETER target='language_model.layers.1.post_per_layer_input_norm.weight'
p_language_model_layers_2_self_attn_q_proj_weight: PARAMETER target='language_model.layers.2.self_attn.q_proj.weight'
p_language_model_layers_2_self_attn_q_norm_weight: PARAMETER target='language_model.layers.2.self_attn.q_norm.weight'
p_language_model_layers_2_self_attn_k_norm_weight: PARAMETER target='language_model.layers.2.self_attn.k_norm.weight'
p_language_model_layers_2_self_attn_k_proj_weight: PARAMETER target='language_model.layers.2.self_attn.k_proj.weight'
p_language_model_layers_2_self_attn_v_proj_weight: PARAMETER target='language_model.layers.2.self_attn.v_proj.weight'
p_language_model_layers_2_self_attn_o_proj_weight: PARAMETER target='language_model.layers.2.self_attn.o_proj.weight'
p_language_model_layers_2_mlp_gate_proj_weight: PARAMETER target='language_model.layers.2.mlp.gate_proj.weight'
p_language_model_layers_2_mlp_up_proj_weight: PARAMETER target='language_model.layers.2.mlp.up_proj.weight'
p_language_model_layers_2_mlp_down_proj_weight: PARAMETER target='language_model.layers.2.mlp.down_proj.weight'
p_language_model_layers_2_input_layernorm_weight: PARAMETER target='language_model.layers.2.input_layernorm.weight'
p_language_model_layers_2_post_attention_layernorm_weight: PARAMETER target='language_model.layers.2.post_attention_layernorm.weight'
p_language_model_layers_2_pre_feedforward_layernorm_weight: PARAMETER target='language_model.layers.2.pre_feedforward_layernorm.weight'
p_language_model_layers_2_post_feedforward_layernorm_weight: PARAMETER target='language_model.layers.2.post_feedforward_layernorm.weight'
p_language_model_layers_2_per_layer_input_gate_weight: PARAMETER target='language_model.layers.2.per_layer_input_gate.weight'
p_language_model_layers_2_per_layer_projection_weight: PARAMETER target='language_model.layers.2.per_layer_projection.weight'
p_language_model_layers_2_post_per_layer_input_norm_weight: PARAMETER target='language_model.layers.2.post_per_layer_input_norm.weight'
p_language_model_layers_3_self_attn_q_proj_weight: PARAMETER target='language_model.layers.3.self_attn.q_proj.weight'
p_language_model_layers_3_self_attn_q_norm_weight: PARAMETER target='language_model.layers.3.self_attn.q_norm.weight'
p_language_model_layers_3_self_attn_k_norm_weight: PARAMETER target='language_model.layers.3.self_attn.k_norm.weight'
p_language_model_layers_3_self_attn_k_proj_weight: PARAMETER target='language_model.layers.3.self_attn.k_proj.weight'
p_language_model_layers_3_self_attn_v_proj_weight: PARAMETER target='language_model.layers.3.self_attn.v_proj.weight'
p_language_model_layers_3_self_attn_o_proj_weight: PARAMETER target='language_model.layers.3.self_attn.o_proj.weight'
p_language_model_layers_3_mlp_gate_proj_weight: PARAMETER target='language_model.layers.3.mlp.gate_proj.weight'
p_language_model_layers_3_mlp_up_proj_weight: PARAMETER target='language_model.layers.3.mlp.up_proj.weight'
p_language_model_layers_3_mlp_down_proj_weight: PARAMETER target='language_model.layers.3.mlp.down_proj.weight'
p_language_model_layers_3_input_layernorm_weight: PARAMETER target='language_model.layers.3.input_layernorm.weight'
p_language_model_layers_3_post_attention_layernorm_weight: PARAMETER target='language_model.layers.3.post_attention_layernorm.weight'
p_language_model_layers_3_pre_feedforward_layernorm_weight: PARAMETER target='language_model.layers.3.pre_feedforward_layernorm.weight'
p_language_model_layers_3_post_feedforward_layernorm_weight: PARAMETER target='language_model.layers.3.post_feedforward_layernorm.weight'
p_language_model_layers_3_per_layer_input_gate_weight: PARAMETER target='language_model.layers.3.per_layer_input_gate.weight'
p_language_model_layers_3_per_layer_projection_weight: PARAMETER target='language_model.layers.3.per_layer_projection.weight'
p_language_model_layers_3_post_per_layer_input_norm_weight: PARAMETER target='language_model.layers.3.post_per_layer_input_norm.weight'
p_language_model_layers_4_self_attn_q_proj_weight: PARAMETER target='language_model.layers.4.self_attn.q_proj.weight'
p_language_model_layers_4_self_attn_q_norm_weight: PARAMETER target='language_model.layers.4.self_attn.q_norm.weight'
p_language_model_layers_4_self_attn_k_norm_weight: PARAMETER target='language_model.layers.4.self_attn.k_norm.weight'
p_language_model_layers_4_self_attn_k_proj_weight: PARAMETER target='language_model.layers.4.self_attn.k_proj.weight'
p_language_model_layers_4_self_attn_v_proj_weight: PARAMETER target='language_model.layers.4.self_attn.v_proj.weight'
p_language_model_layers_4_self_attn_o_proj_weight: PARAMETER target='language_model.layers.4.self_attn.o_proj.weight'
p_language_model_layers_4_mlp_gate_proj_weight: PARAMETER target='language_model.layers.4.mlp.gate_proj.weight'
p_language_model_layers_4_mlp_up_proj_weight: PARAMETER target='language_model.layers.4.mlp.up_proj.weight'
p_language_model_layers_4_mlp_down_proj_weight: PARAMETER target='language_model.layers.4.mlp.down_proj.weight'
p_language_model_layers_4_input_layernorm_weight: PARAMETER target='language_model.layers.4.input_layernorm.weight'
p_language_model_layers_4_post_attention_layernorm_weight: PARAMETER target='language_model.layers.4.post_attention_layernorm.weight'
p_language_model_layers_4_pre_feedforward_layernorm_weight: PARAMETER target='language_model.layers.4.pre_feedforward_layernorm.weight'
p_language_model_layers_4_post_feedforward_layernorm_weight: PARAMETER target='language_model.layers.4.post_feedforward_layernorm.weight'
p_language_model_layers_4_per_layer_input_gate_weight: PARAMETER target='language_model.layers.4.per_layer_input_gate.weight'
p_language_model_layers_4_per_layer_projection_weight: PARAMETER target='language_model.layers.4.per_layer_projection.weight'
p_language_model_layers_4_post_per_layer_input_norm_weight: PARAMETER target='language_model.layers.4.post_per_layer_input_norm.weight'
p_language_model_layers_5_self_attn_q_proj_weight: PARAMETER target='language_model.layers.5.self_attn.q_proj.weight'
p_language_model_layers_5_self_attn_q_norm_weight: PARAMETER target='language_model.layers.5.self_attn.q_norm.weight'
p_language_model_layers_5_self_attn_k_norm_weight: PARAMETER target='language_model.layers.5.self_attn.k_norm.weight'
p_language_model_layers_5_self_attn_k_proj_weight: PARAMETER target='language_model.layers.5.self_attn.k_proj.weight'
p_language_model_layers_5_self_attn_v_proj_weight: PARAMETER target='language_model.layers.5.self_attn.v_proj.weight'
p_language_model_layers_5_self_attn_o_proj_weight: PARAMETER target='language_model.layers.5.self_attn.o_proj.weight'
p_language_model_layers_5_mlp_gate_proj_weight: PARAMETER target='language_model.layers.5.mlp.gate_proj.weight'
p_language_model_layers_5_mlp_up_proj_weight: PARAMETER target='language_model.layers.5.mlp.up_proj.weight'
p_language_model_layers_5_mlp_down_proj_weight: PARAMETER target='language_model.layers.5.mlp.down_proj.weight'
p_language_model_layers_5_input_layernorm_weight: PARAMETER target='language_model.layers.5.input_layernorm.weight'
p_language_model_layers_5_post_attention_layernorm_weight: PARAMETER target='language_model.layers.5.post_attention_layernorm.weight'
p_language_model_layers_5_pre_feedforward_layernorm_weight: PARAMETER target='language_model.layers.5.pre_feedforward_layernorm.weight'
p_language_model_layers_5_post_feedforward_layernorm_weight: PARAMETER target='language_model.layers.5.post_feedforward_layernorm.weight'
p_language_model_layers_5_per_layer_input_gate_weight: PARAMETER target='language_model.layers.5.per_layer_input_gate.weight'
p_language_model_layers_5_per_layer_projection_weight: PARAMETER target='language_model.layers.5.per_layer_projection.weight'
p_language_model_layers_5_post_per_layer_input_norm_weight: PARAMETER target='language_model.layers.5.post_per_layer_input_norm.weight'
p_language_model_layers_6_self_attn_q_proj_weight: PARAMETER target='language_model.layers.6.self_attn.q_proj.weight'
p_language_model_layers_6_self_attn_q_norm_weight: PARAMETER target='language_model.layers.6.self_attn.q_norm.weight'
p_language_model_layers_6_self_attn_k_norm_weight: PARAMETER target='language_model.layers.6.self_attn.k_norm.weight'
p_language_model_layers_6_self_attn_k_proj_weight: PARAMETER target='language_model.layers.6.self_attn.k_proj.weight'
p_language_model_layers_6_self_attn_v_proj_weight: PARAMETER target='language_model.layers.6.self_attn.v_proj.weight'
p_language_model_layers_6_self_attn_o_proj_weight: PARAMETER target='language_model.layers.6.self_attn.o_proj.weight'
p_language_model_layers_6_mlp_gate_proj_weight: PARAMETER target='language_model.layers.6.mlp.gate_proj.weight'
p_language_model_layers_6_mlp_up_proj_weight: PARAMETER target='language_model.layers.6.mlp.up_proj.weight'
p_language_model_layers_6_mlp_down_proj_weight: PARAMETER target='language_model.layers.6.mlp.down_proj.weight'
p_language_model_layers_6_input_layernorm_weight: PARAMETER target='language_model.layers.6.input_layernorm.weight'
p_language_model_layers_6_post_attention_layernorm_weight: PARAMETER target='language_model.layers.6.post_attention_layernorm.weight'
p_language_model_layers_6_pre_feedforward_layernorm_weight: PARAMETER target='language_model.layers.6.pre_feedforward_layernorm.weight'
p_language_model_layers_6_post_feedforward_layernorm_weight: PARAMETER target='language_model.layers.6.post_feedforward_layernorm.weight'
p_language_model_layers_6_per_layer_input_gate_weight: PARAMETER target='language_model.layers.6.per_layer_input_gate.weight'
p_language_model_layers_6_per_layer_projection_weight: PARAMETER target='language_model.layers.6.per_layer_projection.weight'
p_language_model_layers_6_post_per_layer_input_norm_weight: PARAMETER target='language_model.layers.6.post_per_layer_input_norm.weight'
p_language_model_layers_7_self_attn_q_proj_weight: PARAMETER target='language_model.layers.7.self_attn.q_proj.weight'
p_language_model_layers_7_self_attn_q_norm_weight: PARAMETER target='language_model.layers.7.self_attn.q_norm.weight'
p_language_model_layers_7_self_attn_k_norm_weight: PARAMETER target='language_model.layers.7.self_attn.k_norm.weight'
p_language_model_layers_7_self_attn_k_proj_weight: PARAMETER target='language_model.layers.7.self_attn.k_proj.weight'
p_language_model_layers_7_self_attn_v_proj_weight: PARAMETER target='language_model.layers.7.self_attn.v_proj.weight'
p_language_model_layers_7_self_attn_o_proj_weight: PARAMETER target='language_model.layers.7.self_attn.o_proj.weight'
p_language_model_layers_7_mlp_gate_proj_weight: PARAMETER target='language_model.layers.7.mlp.gate_proj.weight'
p_language_model_layers_7_mlp_up_proj_weight: PARAMETER target='language_model.layers.7.mlp.up_proj.weight'
p_language_model_layers_7_mlp_down_proj_weight: PARAMETER target='language_model.layers.7.mlp.down_proj.weight'
p_language_model_layers_7_input_layernorm_weight: PARAMETER target='language_model.layers.7.input_layernorm.weight'
p_language_model_layers_7_post_attention_layernorm_weight: PARAMETER target='language_model.layers.7.post_attention_layernorm.weight'
p_language_model_layers_7_pre_feedforward_layernorm_weight: PARAMETER target='language_model.layers.7.pre_feedforward_layernorm.weight'
p_language_model_layers_7_post_feedforward_layernorm_weight: PARAMETER target='language_model.layers.7.post_feedforward_layernorm.weight'
p_language_model_layers_7_per_layer_input_gate_weight: PARAMETER target='language_model.layers.7.per_layer_input_gate.weight'
p_language_model_layers_7_per_layer_projection_weight: PARAMETER target='language_model.layers.7.per_layer_projection.weight'
p_language_model_layers_7_post_per_layer_input_norm_weight: PARAMETER target='language_model.layers.7.post_per_layer_input_norm.weight'
p_language_model_layers_8_self_attn_q_proj_weight: PARAMETER target='language_model.layers.8.self_attn.q_proj.weight'
p_language_model_layers_8_self_attn_q_norm_weight: PARAMETER target='language_model.layers.8.self_attn.q_norm.weight'
p_language_model_layers_8_self_attn_k_norm_weight: PARAMETER target='language_model.layers.8.self_attn.k_norm.weight'
p_language_model_layers_8_self_attn_k_proj_weight: PARAMETER target='language_model.layers.8.self_attn.k_proj.weight'
p_language_model_layers_8_self_attn_v_proj_weight: PARAMETER target='language_model.layers.8.self_attn.v_proj.weight'
p_language_model_layers_8_self_attn_o_proj_weight: PARAMETER target='language_model.layers.8.self_attn.o_proj.weight'
p_language_model_layers_8_mlp_gate_proj_weight: PARAMETER target='language_model.layers.8.mlp.gate_proj.weight'
p_language_model_layers_8_mlp_up_proj_weight: PARAMETER target='language_model.layers.8.mlp.up_proj.weight'
p_language_model_layers_8_mlp_down_proj_weight: PARAMETER target='language_model.layers.8.mlp.down_proj.weight'
p_language_model_layers_8_input_layernorm_weight: PARAMETER target='language_model.layers.8.input_layernorm.weight'
p_language_model_layers_8_post_attention_layernorm_weight: PARAMETER target='language_model.layers.8.post_attention_layernorm.weight'
p_language_model_layers_8_pre_feedforward_layernorm_weight: PARAMETER target='language_model.layers.8.pre_feedforward_layernorm.weight'
p_language_model_layers_8_post_feedforward_layernorm_weight: PARAMETER target='language_model.layers.8.post_feedforward_layernorm.weight'
p_language_model_layers_8_per_layer_input_gate_weight: PARAMETER target='language_model.layers.8.per_layer_input_gate.weight'
p_language_model_layers_8_per_layer_projection_weight: PARAMETER target='language_model.layers.8.per_layer_projection.weight'
p_language_model_layers_8_post_per_layer_input_norm_weight: PARAMETER target='language_model.layers.8.post_per_layer_input_norm.weight'
p_language_model_layers_9_self_attn_q_proj_weight: PARAMETER target='language_model.layers.9.self_attn.q_proj.weight'
p_language_model_layers_9_self_attn_q_norm_weight: PARAMETER target='language_model.layers.9.self_attn.q_norm.weight'
p_language_model_layers_9_self_attn_k_norm_weight: PARAMETER target='language_model.layers.9.self_attn.k_norm.weight'
p_language_model_layers_9_self_attn_k_proj_weight: PARAMETER target='language_model.layers.9.self_attn.k_proj.weight'
p_language_model_layers_9_self_attn_v_proj_weight: PARAMETER target='language_model.layers.9.self_attn.v_proj.weight'
p_language_model_layers_9_self_attn_o_proj_weight: PARAMETER target='language_model.layers.9.self_attn.o_proj.weight'
p_language_model_layers_9_mlp_gate_proj_weight: PARAMETER target='language_model.layers.9.mlp.gate_proj.weight'
p_language_model_layers_9_mlp_up_proj_weight: PARAMETER target='language_model.layers.9.mlp.up_proj.weight'
p_language_model_layers_9_mlp_down_proj_weight: PARAMETER target='language_model.layers.9.mlp.down_proj.weight'
p_language_model_layers_9_input_layernorm_weight: PARAMETER target='language_model.layers.9.input_layernorm.weight'
p_language_model_layers_9_post_attention_layernorm_weight: PARAMETER target='language_model.layers.9.post_attention_layernorm.weight'
p_language_model_layers_9_pre_feedforward_layernorm_weight: PARAMETER target='language_model.layers.9.pre_feedforward_layernorm.weight'
p_language_model_layers_9_post_feedforward_layernorm_weight: PARAMETER target='language_model.layers.9.post_feedforward_layernorm.weight'
p_language_model_layers_9_per_layer_input_gate_weight: PARAMETER target='language_model.layers.9.per_layer_input_gate.weight'
p_language_model_layers_9_per_layer_projection_weight: PARAMETER target='language_model.layers.9.per_layer_projection.weight'
p_language_model_layers_9_post_per_layer_input_norm_weight: PARAMETER target='language_model.layers.9.post_per_layer_input_norm.weight'
p_language_model_layers_10_self_attn_q_proj_weight: PARAMETER target='language_model.layers.10.self_attn.q_proj.weight'
p_language_model_layers_10_self_attn_q_norm_weight: PARAMETER target='language_model.layers.10.self_attn.q_norm.weight'
p_language_model_layers_10_self_attn_k_norm_weight: PARAMETER target='language_model.layers.10.self_attn.k_norm.weight'
p_language_model_layers_10_self_attn_k_proj_weight: PARAMETER target='language_model.layers.10.self_attn.k_proj.weight'
p_language_model_layers_10_self_attn_v_proj_weight: PARAMETER target='language_model.layers.10.self_attn.v_proj.weight'
p_language_model_layers_10_self_attn_o_proj_weight: PARAMETER target='language_model.layers.10.self_attn.o_proj.weight'
p_language_model_layers_10_mlp_gate_proj_weight: PARAMETER target='language_model.layers.10.mlp.gate_proj.weight'
p_language_model_layers_10_mlp_up_proj_weight: PARAMETER target='language_model.layers.10.mlp.up_proj.weight'
p_language_model_layers_10_mlp_down_proj_weight: PARAMETER target='language_model.layers.10.mlp.down_proj.weight'
p_language_model_layers_10_input_layernorm_weight: PARAMETER target='language_model.layers.10.input_layernorm.weight'
p_language_model_layers_10_post_attention_layernorm_weight: PARAMETER target='language_model.layers.10.post_attention_layernorm.weight'
p_language_model_layers_10_pre_feedforward_layernorm_weight: PARAMETER target='language_model.layers.10.pre_feedforward_layernorm.weight'
p_language_model_layers_10_post_feedforward_layernorm_weight: PARAMETER target='language_model.layers.10.post_feedforward_layernorm.weight'
p_language_model_layers_10_per_layer_input_gate_weight: PARAMETER target='language_model.layers.10.per_layer_input_gate.weight'
p_language_model_layers_10_per_layer_projection_weight: PARAMETER target='language_model.layers.10.per_layer_projection.weight'
p_language_model_layers_10_post_per_layer_input_norm_weight: PARAMETER target='language_model.layers.10.post_per_layer_input_norm.weight'
p_language_model_layers_11_self_attn_q_proj_weight: PARAMETER target='language_model.layers.11.self_attn.q_proj.weight'
p_language_model_layers_11_self_attn_q_norm_weight: PARAMETER target='language_model.layers.11.self_attn.q_norm.weight'
p_language_model_layers_11_self_attn_k_norm_weight: PARAMETER target='language_model.layers.11.self_attn.k_norm.weight'
p_language_model_layers_11_self_attn_k_proj_weight: PARAMETER target='language_model.layers.11.self_attn.k_proj.weight'
p_language_model_layers_11_self_attn_v_proj_weight: PARAMETER target='language_model.layers.11.self_attn.v_proj.weight'
p_language_model_layers_11_self_attn_o_proj_weight: PARAMETER target='language_model.layers.11.self_attn.o_proj.weight'
p_language_model_layers_11_mlp_gate_proj_weight: PARAMETER target='language_model.layers.11.mlp.gate_proj.weight'
p_language_model_layers_11_mlp_up_proj_weight: PARAMETER target='language_model.layers.11.mlp.up_proj.weight'
p_language_model_layers_11_mlp_down_proj_weight: PARAMETER target='language_model.layers.11.mlp.down_proj.weight'
p_language_model_layers_11_input_layernorm_weight: PARAMETER target='language_model.layers.11.input_layernorm.weight'
p_language_model_layers_11_post_attention_layernorm_weight: PARAMETER target='language_model.layers.11.post_attention_layernorm.weight'
p_language_model_layers_11_pre_feedforward_layernorm_weight: PARAMETER target='language_model.layers.11.pre_feedforward_layernorm.weight'
p_language_model_layers_11_post_feedforward_layernorm_weight: PARAMETER target='language_model.layers.11.post_feedforward_layernorm.weight'
p_language_model_layers_11_per_layer_input_gate_weight: PARAMETER target='language_model.layers.11.per_layer_input_gate.weight'
p_language_model_layers_11_per_layer_projection_weight: PARAMETER target='language_model.layers.11.per_layer_projection.weight'
p_language_model_layers_11_post_per_layer_input_norm_weight: PARAMETER target='language_model.layers.11.post_per_layer_input_norm.weight'
p_language_model_layers_12_self_attn_q_proj_weight: PARAMETER target='language_model.layers.12.self_attn.q_proj.weight'
p_language_model_layers_12_self_attn_q_norm_weight: PARAMETER target='language_model.layers.12.self_attn.q_norm.weight'
p_language_model_layers_12_self_attn_k_norm_weight: PARAMETER target='language_model.layers.12.self_attn.k_norm.weight'
p_language_model_layers_12_self_attn_k_proj_weight: PARAMETER target='language_model.layers.12.self_attn.k_proj.weight'
p_language_model_layers_12_self_attn_v_proj_weight: PARAMETER target='language_model.layers.12.self_attn.v_proj.weight'
p_language_model_layers_12_self_attn_o_proj_weight: PARAMETER target='language_model.layers.12.self_attn.o_proj.weight'
p_language_model_layers_12_mlp_gate_proj_weight: PARAMETER target='language_model.layers.12.mlp.gate_proj.weight'
p_language_model_layers_12_mlp_up_proj_weight: PARAMETER target='language_model.layers.12.mlp.up_proj.weight'
p_language_model_layers_12_mlp_down_proj_weight: PARAMETER target='language_model.layers.12.mlp.down_proj.weight'
p_language_model_layers_12_input_layernorm_weight: PARAMETER target='language_model.layers.12.input_layernorm.weight'
p_language_model_layers_12_post_attention_layernorm_weight: PARAMETER target='language_model.layers.12.post_attention_layernorm.weight'
p_language_model_layers_12_pre_feedforward_layernorm_weight: PARAMETER target='language_model.layers.12.pre_feedforward_layernorm.weight'
p_language_model_layers_12_post_feedforward_layernorm_weight: PARAMETER target='language_model.layers.12.post_feedforward_layernorm.weight'
p_language_model_layers_12_per_layer_input_gate_weight: PARAMETER target='language_model.layers.12.per_layer_input_gate.weight'
p_language_model_layers_12_per_layer_projection_weight: PARAMETER target='language_model.layers.12.per_layer_projection.weight'
p_language_model_layers_12_post_per_layer_input_norm_weight: PARAMETER target='language_model.layers.12.post_per_layer_input_norm.weight'
p_language_model_layers_13_self_attn_q_proj_weight: PARAMETER target='language_model.layers.13.self_attn.q_proj.weight'
p_language_model_layers_13_self_attn_q_norm_weight: PARAMETER target='language_model.layers.13.self_attn.q_norm.weight'
p_language_model_layers_13_self_attn_k_norm_weight: PARAMETER target='language_model.layers.13.self_attn.k_norm.weight'
p_language_model_layers_13_self_attn_k_proj_weight: PARAMETER target='language_model.layers.13.self_attn.k_proj.weight'
p_language_model_layers_13_self_attn_v_proj_weight: PARAMETER target='language_model.layers.13.self_attn.v_proj.weight'
p_language_model_layers_13_self_attn_o_proj_weight: PARAMETER target='language_model.layers.13.self_attn.o_proj.weight'
p_language_model_layers_13_mlp_gate_proj_weight: PARAMETER target='language_model.layers.13.mlp.gate_proj.weight'
p_language_model_layers_13_mlp_up_proj_weight: PARAMETER target='language_model.layers.13.mlp.up_proj.weight'
p_language_model_layers_13_mlp_down_proj_weight: PARAMETER target='language_model.layers.13.mlp.down_proj.weight'
p_language_model_layers_13_input_layernorm_weight: PARAMETER target='language_model.layers.13.input_layernorm.weight'
p_language_model_layers_13_post_attention_layernorm_weight: PARAMETER target='language_model.layers.13.post_attention_layernorm.weight'
p_language_model_layers_13_pre_feedforward_layernorm_weight: PARAMETER target='language_model.layers.13.pre_feedforward_layernorm.weight'
p_language_model_layers_13_post_feedforward_layernorm_weight: PARAMETER target='language_model.layers.13.post_feedforward_layernorm.weight'
p_language_model_layers_13_per_layer_input_gate_weight: PARAMETER target='language_model.layers.13.per_layer_input_gate.weight'
p_language_model_layers_13_per_layer_projection_weight: PARAMETER target='language_model.layers.13.per_layer_projection.weight'
p_language_model_layers_13_post_per_layer_input_norm_weight: PARAMETER target='language_model.layers.13.post_per_layer_input_norm.weight'
p_language_model_layers_14_self_attn_q_proj_weight: PARAMETER target='language_model.layers.14.self_attn.q_proj.weight'
p_language_model_layers_14_self_attn_q_norm_weight: PARAMETER target='language_model.layers.14.self_attn.q_norm.weight'
p_language_model_layers_14_self_attn_k_norm_weight: PARAMETER target='language_model.layers.14.self_attn.k_norm.weight'
p_language_model_layers_14_self_attn_k_proj_weight: PARAMETER target='language_model.layers.14.self_attn.k_proj.weight'
p_language_model_layers_14_self_attn_v_proj_weight: PARAMETER target='language_model.layers.14.self_attn.v_proj.weight'
p_language_model_layers_14_self_attn_o_proj_weight: PARAMETER target='language_model.layers.14.self_attn.o_proj.weight'
p_language_model_layers_14_mlp_gate_proj_weight: PARAMETER target='language_model.layers.14.mlp.gate_proj.weight'
p_language_model_layers_14_mlp_up_proj_weight: PARAMETER target='language_model.layers.14.mlp.up_proj.weight'
p_language_model_layers_14_mlp_down_proj_weight: PARAMETER target='language_model.layers.14.mlp.down_proj.weight'
p_language_model_layers_14_input_layernorm_weight: PARAMETER target='language_model.layers.14.input_layernorm.weight'
p_language_model_layers_14_post_attention_layernorm_weight: PARAMETER target='language_model.layers.14.post_attention_layernorm.weight'
p_language_model_layers_14_pre_feedforward_layernorm_weight: PARAMETER target='language_model.layers.14.pre_feedforward_layernorm.weight'
p_language_model_layers_14_post_feedforward_layernorm_weight: PARAMETER target='language_model.layers.14.post_feedforward_layernorm.weight'
p_language_model_layers_14_per_layer_input_gate_weight: PARAMETER target='language_model.layers.14.per_layer_input_gate.weight'
p_language_model_layers_14_per_layer_projection_weight: PARAMETER target='language_model.layers.14.per_layer_projection.weight'
p_language_model_layers_14_post_per_layer_input_norm_weight: PARAMETER target='language_model.layers.14.post_per_layer_input_norm.weight'
p_language_model_layers_15_self_attn_q_proj_weight: PARAMETER target='language_model.layers.15.self_attn.q_proj.weight'
p_language_model_layers_15_self_attn_q_norm_weight: PARAMETER target='language_model.layers.15.self_attn.q_norm.weight'
p_language_model_layers_15_self_attn_o_proj_weight: PARAMETER target='language_model.layers.15.self_attn.o_proj.weight'
p_language_model_layers_15_mlp_gate_proj_weight: PARAMETER target='language_model.layers.15.mlp.gate_proj.weight'
p_language_model_layers_15_mlp_up_proj_weight: PARAMETER target='language_model.layers.15.mlp.up_proj.weight'
p_language_model_layers_15_mlp_down_proj_weight: PARAMETER target='language_model.layers.15.mlp.down_proj.weight'
p_language_model_layers_15_input_layernorm_weight: PARAMETER target='language_model.layers.15.input_layernorm.weight'
p_language_model_layers_15_post_attention_layernorm_weight: PARAMETER target='language_model.layers.15.post_attention_layernorm.weight'
p_language_model_layers_15_pre_feedforward_layernorm_weight: PARAMETER target='language_model.layers.15.pre_feedforward_layernorm.weight'
p_language_model_layers_15_post_feedforward_layernorm_weight: PARAMETER target='language_model.layers.15.post_feedforward_layernorm.weight'
p_language_model_layers_15_per_layer_input_gate_weight: PARAMETER target='language_model.layers.15.per_layer_input_gate.weight'
p_language_model_layers_15_per_layer_projection_weight: PARAMETER target='language_model.layers.15.per_layer_projection.weight'
p_language_model_layers_15_post_per_layer_input_norm_weight: PARAMETER target='language_model.layers.15.post_per_layer_input_norm.weight'
p_language_model_layers_16_self_attn_q_proj_weight: PARAMETER target='language_model.layers.16.self_attn.q_proj.weight'
p_language_model_layers_16_self_attn_q_norm_weight: PARAMETER target='language_model.layers.16.self_attn.q_norm.weight'
p_language_model_layers_16_self_attn_o_proj_weight: PARAMETER target='language_model.layers.16.self_attn.o_proj.weight'
p_language_model_layers_16_mlp_gate_proj_weight: PARAMETER target='language_model.layers.16.mlp.gate_proj.weight'
p_language_model_layers_16_mlp_up_proj_weight: PARAMETER target='language_model.layers.16.mlp.up_proj.weight'
p_language_model_layers_16_mlp_down_proj_weight: PARAMETER target='language_model.layers.16.mlp.down_proj.weight'
p_language_model_layers_16_input_layernorm_weight: PARAMETER target='language_model.layers.16.input_layernorm.weight'
p_language_model_layers_16_post_attention_layernorm_weight: PARAMETER target='language_model.layers.16.post_attention_layernorm.weight'
p_language_model_layers_16_pre_feedforward_layernorm_weight: PARAMETER target='language_model.layers.16.pre_feedforward_layernorm.weight'
p_language_model_layers_16_post_feedforward_layernorm_weight: PARAMETER target='language_model.layers.16.post_feedforward_layernorm.weight'
p_language_model_layers_16_per_layer_input_gate_weight: PARAMETER target='language_model.layers.16.per_layer_input_gate.weight'
p_language_model_layers_16_per_layer_projection_weight: PARAMETER target='language_model.layers.16.per_layer_projection.weight'
p_language_model_layers_16_post_per_layer_input_norm_weight: PARAMETER target='language_model.layers.16.post_per_layer_input_norm.weight'
p_language_model_layers_17_self_attn_q_proj_weight: PARAMETER target='language_model.layers.17.self_attn.q_proj.weight'
p_language_model_layers_17_self_attn_q_norm_weight: PARAMETER target='language_model.layers.17.self_attn.q_norm.weight'
p_language_model_layers_17_self_attn_o_proj_weight: PARAMETER target='language_model.layers.17.self_attn.o_proj.weight'
p_language_model_layers_17_mlp_gate_proj_weight: PARAMETER target='language_model.layers.17.mlp.gate_proj.weight'
p_language_model_layers_17_mlp_up_proj_weight: PARAMETER target='language_model.layers.17.mlp.up_proj.weight'
p_language_model_layers_17_mlp_down_proj_weight: PARAMETER target='language_model.layers.17.mlp.down_proj.weight'
p_language_model_layers_17_input_layernorm_weight: PARAMETER target='language_model.layers.17.input_layernorm.weight'
p_language_model_layers_17_post_attention_layernorm_weight: PARAMETER target='language_model.layers.17.post_attention_layernorm.weight'
p_language_model_layers_17_pre_feedforward_layernorm_weight: PARAMETER target='language_model.layers.17.pre_feedforward_layernorm.weight'
p_language_model_layers_17_post_feedforward_layernorm_weight: PARAMETER target='language_model.layers.17.post_feedforward_layernorm.weight'
p_language_model_layers_17_per_layer_input_gate_weight: PARAMETER target='language_model.layers.17.per_layer_input_gate.weight'
p_language_model_layers_17_per_layer_projection_weight: PARAMETER target='language_model.layers.17.per_layer_projection.weight'
p_language_model_layers_17_post_per_layer_input_norm_weight: PARAMETER target='language_model.layers.17.post_per_layer_input_norm.weight'
p_language_model_layers_18_self_attn_q_proj_weight: PARAMETER target='language_model.layers.18.self_attn.q_proj.weight'
p_language_model_layers_18_self_attn_q_norm_weight: PARAMETER target='language_model.layers.18.self_attn.q_norm.weight'
p_language_model_layers_18_self_attn_o_proj_weight: PARAMETER target='language_model.layers.18.self_attn.o_proj.weight'
p_language_model_layers_18_mlp_gate_proj_weight: PARAMETER target='language_model.layers.18.mlp.gate_proj.weight'
p_language_model_layers_18_mlp_up_proj_weight: PARAMETER target='language_model.layers.18.mlp.up_proj.weight'
p_language_model_layers_18_mlp_down_proj_weight: PARAMETER target='language_model.layers.18.mlp.down_proj.weight'
p_language_model_layers_18_input_layernorm_weight: PARAMETER target='language_model.layers.18.input_layernorm.weight'
p_language_model_layers_18_post_attention_layernorm_weight: PARAMETER target='language_model.layers.18.post_attention_layernorm.weight'
p_language_model_layers_18_pre_feedforward_layernorm_weight: PARAMETER target='language_model.layers.18.pre_feedforward_layernorm.weight'
p_language_model_layers_18_post_feedforward_layernorm_weight: PARAMETER target='language_model.layers.18.post_feedforward_layernorm.weight'
p_language_model_layers_18_per_layer_input_gate_weight: PARAMETER target='language_model.layers.18.per_layer_input_gate.weight'
p_language_model_layers_18_per_layer_projection_weight: PARAMETER target='language_model.layers.18.per_layer_projection.weight'
p_language_model_layers_18_post_per_layer_input_norm_weight: PARAMETER target='language_model.layers.18.post_per_layer_input_norm.weight'
p_language_model_layers_19_self_attn_q_proj_weight: PARAMETER target='language_model.layers.19.self_attn.q_proj.weight'
p_language_model_layers_19_self_attn_q_norm_weight: PARAMETER target='language_model.layers.19.self_attn.q_norm.weight'
p_language_model_layers_19_self_attn_o_proj_weight: PARAMETER target='language_model.layers.19.self_attn.o_proj.weight'
p_language_model_layers_19_mlp_gate_proj_weight: PARAMETER target='language_model.layers.19.mlp.gate_proj.weight'
p_language_model_layers_19_mlp_up_proj_weight: PARAMETER target='language_model.layers.19.mlp.up_proj.weight'
p_language_model_layers_19_mlp_down_proj_weight: PARAMETER target='language_model.layers.19.mlp.down_proj.weight'
p_language_model_layers_19_input_layernorm_weight: PARAMETER target='language_model.layers.19.input_layernorm.weight'
p_language_model_layers_19_post_attention_layernorm_weight: PARAMETER target='language_model.layers.19.post_attention_layernorm.weight'
p_language_model_layers_19_pre_feedforward_layernorm_weight: PARAMETER target='language_model.layers.19.pre_feedforward_layernorm.weight'
p_language_model_layers_19_post_feedforward_layernorm_weight: PARAMETER target='language_model.layers.19.post_feedforward_layernorm.weight'
p_language_model_layers_19_per_layer_input_gate_weight: PARAMETER target='language_model.layers.19.per_layer_input_gate.weight'
p_language_model_layers_19_per_layer_projection_weight: PARAMETER target='language_model.layers.19.per_layer_projection.weight'
p_language_model_layers_19_post_per_layer_input_norm_weight: PARAMETER target='language_model.layers.19.post_per_layer_input_norm.weight'
p_language_model_layers_20_self_attn_q_proj_weight: PARAMETER target='language_model.layers.20.self_attn.q_proj.weight'
p_language_model_layers_20_self_attn_q_norm_weight: PARAMETER target='language_model.layers.20.self_attn.q_norm.weight'
p_language_model_layers_20_self_attn_o_proj_weight: PARAMETER target='language_model.layers.20.self_attn.o_proj.weight'
p_language_model_layers_20_mlp_gate_proj_weight: PARAMETER target='language_model.layers.20.mlp.gate_proj.weight'
p_language_model_layers_20_mlp_up_proj_weight: PARAMETER target='language_model.layers.20.mlp.up_proj.weight'
p_language_model_layers_20_mlp_down_proj_weight: PARAMETER target='language_model.layers.20.mlp.down_proj.weight'
p_language_model_layers_20_input_layernorm_weight: PARAMETER target='language_model.layers.20.input_layernorm.weight'
p_language_model_layers_20_post_attention_layernorm_weight: PARAMETER target='language_model.layers.20.post_attention_layernorm.weight'
p_language_model_layers_20_pre_feedforward_layernorm_weight: PARAMETER target='language_model.layers.20.pre_feedforward_layernorm.weight'
p_language_model_layers_20_post_feedforward_layernorm_weight: PARAMETER target='language_model.layers.20.post_feedforward_layernorm.weight'
p_language_model_layers_20_per_layer_input_gate_weight: PARAMETER target='language_model.layers.20.per_layer_input_gate.weight'
p_language_model_layers_20_per_layer_projection_weight: PARAMETER target='language_model.layers.20.per_layer_projection.weight'
p_language_model_layers_20_post_per_layer_input_norm_weight: PARAMETER target='language_model.layers.20.post_per_layer_input_norm.weight'
p_language_model_layers_21_self_attn_q_proj_weight: PARAMETER target='language_model.layers.21.self_attn.q_proj.weight'
p_language_model_layers_21_self_attn_q_norm_weight: PARAMETER target='language_model.layers.21.self_attn.q_norm.weight'
p_language_model_layers_21_self_attn_o_proj_weight: PARAMETER target='language_model.layers.21.self_attn.o_proj.weight'
p_language_model_layers_21_mlp_gate_proj_weight: PARAMETER target='language_model.layers.21.mlp.gate_proj.weight'
p_language_model_layers_21_mlp_up_proj_weight: PARAMETER target='language_model.layers.21.mlp.up_proj.weight'
p_language_model_layers_21_mlp_down_proj_weight: PARAMETER target='language_model.layers.21.mlp.down_proj.weight'
p_language_model_layers_21_input_layernorm_weight: PARAMETER target='language_model.layers.21.input_layernorm.weight'
p_language_model_layers_21_post_attention_layernorm_weight: PARAMETER target='language_model.layers.21.post_attention_layernorm.weight'
p_language_model_layers_21_pre_feedforward_layernorm_weight: PARAMETER target='language_model.layers.21.pre_feedforward_layernorm.weight'
p_language_model_layers_21_post_feedforward_layernorm_weight: PARAMETER target='language_model.layers.21.post_feedforward_layernorm.weight'
p_language_model_layers_21_per_layer_input_gate_weight: PARAMETER target='language_model.layers.21.per_layer_input_gate.weight'
p_language_model_layers_21_per_layer_projection_weight: PARAMETER target='language_model.layers.21.per_layer_projection.weight'
p_language_model_layers_21_post_per_layer_input_norm_weight: PARAMETER target='language_model.layers.21.post_per_layer_input_norm.weight'
p_language_model_layers_22_self_attn_q_proj_weight: PARAMETER target='language_model.layers.22.self_attn.q_proj.weight'
p_language_model_layers_22_self_attn_q_norm_weight: PARAMETER target='language_model.layers.22.self_attn.q_norm.weight'
p_language_model_layers_22_self_attn_o_proj_weight: PARAMETER target='language_model.layers.22.self_attn.o_proj.weight'
p_language_model_layers_22_mlp_gate_proj_weight: PARAMETER target='language_model.layers.22.mlp.gate_proj.weight'
p_language_model_layers_22_mlp_up_proj_weight: PARAMETER target='language_model.layers.22.mlp.up_proj.weight'
p_language_model_layers_22_mlp_down_proj_weight: PARAMETER target='language_model.layers.22.mlp.down_proj.weight'
p_language_model_layers_22_input_layernorm_weight: PARAMETER target='language_model.layers.22.input_layernorm.weight'
p_language_model_layers_22_post_attention_layernorm_weight: PARAMETER target='language_model.layers.22.post_attention_layernorm.weight'
p_language_model_layers_22_pre_feedforward_layernorm_weight: PARAMETER target='language_model.layers.22.pre_feedforward_layernorm.weight'
p_language_model_layers_22_post_feedforward_layernorm_weight: PARAMETER target='language_model.layers.22.post_feedforward_layernorm.weight'
p_language_model_layers_22_per_layer_input_gate_weight: PARAMETER target='language_model.layers.22.per_layer_input_gate.weight'
p_language_model_layers_22_per_layer_projection_weight: PARAMETER target='language_model.layers.22.per_layer_projection.weight'
p_language_model_layers_22_post_per_layer_input_norm_weight: PARAMETER target='language_model.layers.22.post_per_layer_input_norm.weight'
p_language_model_layers_23_self_attn_q_proj_weight: PARAMETER target='language_model.layers.23.self_attn.q_proj.weight'
p_language_model_layers_23_self_attn_q_norm_weight: PARAMETER target='language_model.layers.23.self_attn.q_norm.weight'
p_language_model_layers_23_self_attn_o_proj_weight: PARAMETER target='language_model.layers.23.self_attn.o_proj.weight'
p_language_model_layers_23_mlp_gate_proj_weight: PARAMETER target='language_model.layers.23.mlp.gate_proj.weight'
p_language_model_layers_23_mlp_up_proj_weight: PARAMETER target='language_model.layers.23.mlp.up_proj.weight'
p_language_model_layers_23_mlp_down_proj_weight: PARAMETER target='language_model.layers.23.mlp.down_proj.weight'
p_language_model_layers_23_input_layernorm_weight: PARAMETER target='language_model.layers.23.input_layernorm.weight'
p_language_model_layers_23_post_attention_layernorm_weight: PARAMETER target='language_model.layers.23.post_attention_layernorm.weight'
p_language_model_layers_23_pre_feedforward_layernorm_weight: PARAMETER target='language_model.layers.23.pre_feedforward_layernorm.weight'
p_language_model_layers_23_post_feedforward_layernorm_weight: PARAMETER target='language_model.layers.23.post_feedforward_layernorm.weight'
p_language_model_layers_23_per_layer_input_gate_weight: PARAMETER target='language_model.layers.23.per_layer_input_gate.weight'
p_language_model_layers_23_per_layer_projection_weight: PARAMETER target='language_model.layers.23.per_layer_projection.weight'
p_language_model_layers_23_post_per_layer_input_norm_weight: PARAMETER target='language_model.layers.23.post_per_layer_input_norm.weight'
p_language_model_layers_24_self_attn_q_proj_weight: PARAMETER target='language_model.layers.24.self_attn.q_proj.weight'
p_language_model_layers_24_self_attn_q_norm_weight: PARAMETER target='language_model.layers.24.self_attn.q_norm.weight'
p_language_model_layers_24_self_attn_o_proj_weight: PARAMETER target='language_model.layers.24.self_attn.o_proj.weight'
p_language_model_layers_24_mlp_gate_proj_weight: PARAMETER target='language_model.layers.24.mlp.gate_proj.weight'
p_language_model_layers_24_mlp_up_proj_weight: PARAMETER target='language_model.layers.24.mlp.up_proj.weight'
p_language_model_layers_24_mlp_down_proj_weight: PARAMETER target='language_model.layers.24.mlp.down_proj.weight'
p_language_model_layers_24_input_layernorm_weight: PARAMETER target='language_model.layers.24.input_layernorm.weight'
p_language_model_layers_24_post_attention_layernorm_weight: PARAMETER target='language_model.layers.24.post_attention_layernorm.weight'
p_language_model_layers_24_pre_feedforward_layernorm_weight: PARAMETER target='language_model.layers.24.pre_feedforward_layernorm.weight'
p_language_model_layers_24_post_feedforward_layernorm_weight: PARAMETER target='language_model.layers.24.post_feedforward_layernorm.weight'
p_language_model_layers_24_per_layer_input_gate_weight: PARAMETER target='language_model.layers.24.per_layer_input_gate.weight'
p_language_model_layers_24_per_layer_projection_weight: PARAMETER target='language_model.layers.24.per_layer_projection.weight'
p_language_model_layers_24_post_per_layer_input_norm_weight: PARAMETER target='language_model.layers.24.post_per_layer_input_norm.weight'
p_language_model_layers_25_self_attn_q_proj_weight: PARAMETER target='language_model.layers.25.self_attn.q_proj.weight'
p_language_model_layers_25_self_attn_q_norm_weight: PARAMETER target='language_model.layers.25.self_attn.q_norm.weight'
p_language_model_layers_25_self_attn_o_proj_weight: PARAMETER target='language_model.layers.25.self_attn.o_proj.weight'
p_language_model_layers_25_mlp_gate_proj_weight: PARAMETER target='language_model.layers.25.mlp.gate_proj.weight'
p_language_model_layers_25_mlp_up_proj_weight: PARAMETER target='language_model.layers.25.mlp.up_proj.weight'
p_language_model_layers_25_mlp_down_proj_weight: PARAMETER target='language_model.layers.25.mlp.down_proj.weight'
p_language_model_layers_25_input_layernorm_weight: PARAMETER target='language_model.layers.25.input_layernorm.weight'
p_language_model_layers_25_post_attention_layernorm_weight: PARAMETER target='language_model.layers.25.post_attention_layernorm.weight'
p_language_model_layers_25_pre_feedforward_layernorm_weight: PARAMETER target='language_model.layers.25.pre_feedforward_layernorm.weight'
p_language_model_layers_25_post_feedforward_layernorm_weight: PARAMETER target='language_model.layers.25.post_feedforward_layernorm.weight'
p_language_model_layers_25_per_layer_input_gate_weight: PARAMETER target='language_model.layers.25.per_layer_input_gate.weight'
p_language_model_layers_25_per_layer_projection_weight: PARAMETER target='language_model.layers.25.per_layer_projection.weight'
p_language_model_layers_25_post_per_layer_input_norm_weight: PARAMETER target='language_model.layers.25.post_per_layer_input_norm.weight'
p_language_model_layers_26_self_attn_q_proj_weight: PARAMETER target='language_model.layers.26.self_attn.q_proj.weight'
p_language_model_layers_26_self_attn_q_norm_weight: PARAMETER target='language_model.layers.26.self_attn.q_norm.weight'
p_language_model_layers_26_self_attn_o_proj_weight: PARAMETER target='language_model.layers.26.self_attn.o_proj.weight'
p_language_model_layers_26_mlp_gate_proj_weight: PARAMETER target='language_model.layers.26.mlp.gate_proj.weight'
p_language_model_layers_26_mlp_up_proj_weight: PARAMETER target='language_model.layers.26.mlp.up_proj.weight'
p_language_model_layers_26_mlp_down_proj_weight: PARAMETER target='language_model.layers.26.mlp.down_proj.weight'
p_language_model_layers_26_input_layernorm_weight: PARAMETER target='language_model.layers.26.input_layernorm.weight'
p_language_model_layers_26_post_attention_layernorm_weight: PARAMETER target='language_model.layers.26.post_attention_layernorm.weight'
p_language_model_layers_26_pre_feedforward_layernorm_weight: PARAMETER target='language_model.layers.26.pre_feedforward_layernorm.weight'
p_language_model_layers_26_post_feedforward_layernorm_weight: PARAMETER target='language_model.layers.26.post_feedforward_layernorm.weight'
p_language_model_layers_26_per_layer_input_gate_weight: PARAMETER target='language_model.layers.26.per_layer_input_gate.weight'
p_language_model_layers_26_per_layer_projection_weight: PARAMETER target='language_model.layers.26.per_layer_projection.weight'
p_language_model_layers_26_post_per_layer_input_norm_weight: PARAMETER target='language_model.layers.26.post_per_layer_input_norm.weight'
p_language_model_layers_27_self_attn_q_proj_weight: PARAMETER target='language_model.layers.27.self_attn.q_proj.weight'
p_language_model_layers_27_self_attn_q_norm_weight: PARAMETER target='language_model.layers.27.self_attn.q_norm.weight'
p_language_model_layers_27_self_attn_o_proj_weight: PARAMETER target='language_model.layers.27.self_attn.o_proj.weight'
p_language_model_layers_27_mlp_gate_proj_weight: PARAMETER target='language_model.layers.27.mlp.gate_proj.weight'
p_language_model_layers_27_mlp_up_proj_weight: PARAMETER target='language_model.layers.27.mlp.up_proj.weight'
p_language_model_layers_27_mlp_down_proj_weight: PARAMETER target='language_model.layers.27.mlp.down_proj.weight'
p_language_model_layers_27_input_layernorm_weight: PARAMETER target='language_model.layers.27.input_layernorm.weight'
p_language_model_layers_27_post_attention_layernorm_weight: PARAMETER target='language_model.layers.27.post_attention_layernorm.weight'
p_language_model_layers_27_pre_feedforward_layernorm_weight: PARAMETER target='language_model.layers.27.pre_feedforward_layernorm.weight'
p_language_model_layers_27_post_feedforward_layernorm_weight: PARAMETER target='language_model.layers.27.post_feedforward_layernorm.weight'
p_language_model_layers_27_per_layer_input_gate_weight: PARAMETER target='language_model.layers.27.per_layer_input_gate.weight'
p_language_model_layers_27_per_layer_projection_weight: PARAMETER target='language_model.layers.27.per_layer_projection.weight'
p_language_model_layers_27_post_per_layer_input_norm_weight: PARAMETER target='language_model.layers.27.post_per_layer_input_norm.weight'
p_language_model_layers_28_self_attn_q_proj_weight: PARAMETER target='language_model.layers.28.self_attn.q_proj.weight'
p_language_model_layers_28_self_attn_q_norm_weight: PARAMETER target='language_model.layers.28.self_attn.q_norm.weight'
p_language_model_layers_28_self_attn_o_proj_weight: PARAMETER target='language_model.layers.28.self_attn.o_proj.weight'
p_language_model_layers_28_mlp_gate_proj_weight: PARAMETER target='language_model.layers.28.mlp.gate_proj.weight'
p_language_model_layers_28_mlp_up_proj_weight: PARAMETER target='language_model.layers.28.mlp.up_proj.weight'
p_language_model_layers_28_mlp_down_proj_weight: PARAMETER target='language_model.layers.28.mlp.down_proj.weight'
p_language_model_layers_28_input_layernorm_weight: PARAMETER target='language_model.layers.28.input_layernorm.weight'
p_language_model_layers_28_post_attention_layernorm_weight: PARAMETER target='language_model.layers.28.post_attention_layernorm.weight'
p_language_model_layers_28_pre_feedforward_layernorm_weight: PARAMETER target='language_model.layers.28.pre_feedforward_layernorm.weight'
p_language_model_layers_28_post_feedforward_layernorm_weight: PARAMETER target='language_model.layers.28.post_feedforward_layernorm.weight'
p_language_model_layers_28_per_layer_input_gate_weight: PARAMETER target='language_model.layers.28.per_layer_input_gate.weight'
p_language_model_layers_28_per_layer_projection_weight: PARAMETER target='language_model.layers.28.per_layer_projection.weight'
p_language_model_layers_28_post_per_layer_input_norm_weight: PARAMETER target='language_model.layers.28.post_per_layer_input_norm.weight'
p_language_model_layers_29_self_attn_q_proj_weight: PARAMETER target='language_model.layers.29.self_attn.q_proj.weight'
p_language_model_layers_29_self_attn_q_norm_weight: PARAMETER target='language_model.layers.29.self_attn.q_norm.weight'
p_language_model_layers_29_self_attn_o_proj_weight: PARAMETER target='language_model.layers.29.self_attn.o_proj.weight'
p_language_model_layers_29_mlp_gate_proj_weight: PARAMETER target='language_model.layers.29.mlp.gate_proj.weight'
p_language_model_layers_29_mlp_up_proj_weight: PARAMETER target='language_model.layers.29.mlp.up_proj.weight'
p_language_model_layers_29_mlp_down_proj_weight: PARAMETER target='language_model.layers.29.mlp.down_proj.weight'
p_language_model_layers_29_input_layernorm_weight: PARAMETER target='language_model.layers.29.input_layernorm.weight'
p_language_model_layers_29_post_attention_layernorm_weight: PARAMETER target='language_model.layers.29.post_attention_layernorm.weight'
p_language_model_layers_29_pre_feedforward_layernorm_weight: PARAMETER target='language_model.layers.29.pre_feedforward_layernorm.weight'
p_language_model_layers_29_post_feedforward_layernorm_weight: PARAMETER target='language_model.layers.29.post_feedforward_layernorm.weight'
p_language_model_layers_29_per_layer_input_gate_weight: PARAMETER target='language_model.layers.29.per_layer_input_gate.weight'
p_language_model_layers_29_per_layer_projection_weight: PARAMETER target='language_model.layers.29.per_layer_projection.weight'
p_language_model_layers_29_post_per_layer_input_norm_weight: PARAMETER target='language_model.layers.29.post_per_layer_input_norm.weight'
p_language_model_layers_30_self_attn_q_proj_weight: PARAMETER target='language_model.layers.30.self_attn.q_proj.weight'
p_language_model_layers_30_self_attn_q_norm_weight: PARAMETER target='language_model.layers.30.self_attn.q_norm.weight'
p_language_model_layers_30_self_attn_o_proj_weight: PARAMETER target='language_model.layers.30.self_attn.o_proj.weight'
p_language_model_layers_30_mlp_gate_proj_weight: PARAMETER target='language_model.layers.30.mlp.gate_proj.weight'
p_language_model_layers_30_mlp_up_proj_weight: PARAMETER target='language_model.layers.30.mlp.up_proj.weight'
p_language_model_layers_30_mlp_down_proj_weight: PARAMETER target='language_model.layers.30.mlp.down_proj.weight'
p_language_model_layers_30_input_layernorm_weight: PARAMETER target='language_model.layers.30.input_layernorm.weight'
p_language_model_layers_30_post_attention_layernorm_weight: PARAMETER target='language_model.layers.30.post_attention_layernorm.weight'
p_language_model_layers_30_pre_feedforward_layernorm_weight: PARAMETER target='language_model.layers.30.pre_feedforward_layernorm.weight'
p_language_model_layers_30_post_feedforward_layernorm_weight: PARAMETER target='language_model.layers.30.post_feedforward_layernorm.weight'
p_language_model_layers_30_per_layer_input_gate_weight: PARAMETER target='language_model.layers.30.per_layer_input_gate.weight'
p_language_model_layers_30_per_layer_projection_weight: PARAMETER target='language_model.layers.30.per_layer_projection.weight'
p_language_model_layers_30_post_per_layer_input_norm_weight: PARAMETER target='language_model.layers.30.post_per_layer_input_norm.weight'
p_language_model_layers_31_self_attn_q_proj_weight: PARAMETER target='language_model.layers.31.self_attn.q_proj.weight'
p_language_model_layers_31_self_attn_q_norm_weight: PARAMETER target='language_model.layers.31.self_attn.q_norm.weight'
p_language_model_layers_31_self_attn_o_proj_weight: PARAMETER target='language_model.layers.31.self_attn.o_proj.weight'
p_language_model_layers_31_mlp_gate_proj_weight: PARAMETER target='language_model.layers.31.mlp.gate_proj.weight'
p_language_model_layers_31_mlp_up_proj_weight: PARAMETER target='language_model.layers.31.mlp.up_proj.weight'
p_language_model_layers_31_mlp_down_proj_weight: PARAMETER target='language_model.layers.31.mlp.down_proj.weight'
p_language_model_layers_31_input_layernorm_weight: PARAMETER target='language_model.layers.31.input_layernorm.weight'
p_language_model_layers_31_post_attention_layernorm_weight: PARAMETER target='language_model.layers.31.post_attention_layernorm.weight'
p_language_model_layers_31_pre_feedforward_layernorm_weight: PARAMETER target='language_model.layers.31.pre_feedforward_layernorm.weight'
p_language_model_layers_31_post_feedforward_layernorm_weight: PARAMETER target='language_model.layers.31.post_feedforward_layernorm.weight'
p_language_model_layers_31_per_layer_input_gate_weight: PARAMETER target='language_model.layers.31.per_layer_input_gate.weight'
p_language_model_layers_31_per_layer_projection_weight: PARAMETER target='language_model.layers.31.per_layer_projection.weight'
p_language_model_layers_31_post_per_layer_input_norm_weight: PARAMETER target='language_model.layers.31.post_per_layer_input_norm.weight'
p_language_model_layers_32_self_attn_q_proj_weight: PARAMETER target='language_model.layers.32.self_attn.q_proj.weight'
p_language_model_layers_32_self_attn_q_norm_weight: PARAMETER target='language_model.layers.32.self_attn.q_norm.weight'
p_language_model_layers_32_self_attn_o_proj_weight: PARAMETER target='language_model.layers.32.self_attn.o_proj.weight'
p_language_model_layers_32_mlp_gate_proj_weight: PARAMETER target='language_model.layers.32.mlp.gate_proj.weight'
p_language_model_layers_32_mlp_up_proj_weight: PARAMETER target='language_model.layers.32.mlp.up_proj.weight'
p_language_model_layers_32_mlp_down_proj_weight: PARAMETER target='language_model.layers.32.mlp.down_proj.weight'
p_language_model_layers_32_input_layernorm_weight: PARAMETER target='language_model.layers.32.input_layernorm.weight'
p_language_model_layers_32_post_attention_layernorm_weight: PARAMETER target='language_model.layers.32.post_attention_layernorm.weight'
p_language_model_layers_32_pre_feedforward_layernorm_weight: PARAMETER target='language_model.layers.32.pre_feedforward_layernorm.weight'
p_language_model_layers_32_post_feedforward_layernorm_weight: PARAMETER target='language_model.layers.32.post_feedforward_layernorm.weight'
p_language_model_layers_32_per_layer_input_gate_weight: PARAMETER target='language_model.layers.32.per_layer_input_gate.weight'
p_language_model_layers_32_per_layer_projection_weight: PARAMETER target='language_model.layers.32.per_layer_projection.weight'
p_language_model_layers_32_post_per_layer_input_norm_weight: PARAMETER target='language_model.layers.32.post_per_layer_input_norm.weight'
p_language_model_layers_33_self_attn_q_proj_weight: PARAMETER target='language_model.layers.33.self_attn.q_proj.weight'
p_language_model_layers_33_self_attn_q_norm_weight: PARAMETER target='language_model.layers.33.self_attn.q_norm.weight'
p_language_model_layers_33_self_attn_o_proj_weight: PARAMETER target='language_model.layers.33.self_attn.o_proj.weight'
p_language_model_layers_33_mlp_gate_proj_weight: PARAMETER target='language_model.layers.33.mlp.gate_proj.weight'
p_language_model_layers_33_mlp_up_proj_weight: PARAMETER target='language_model.layers.33.mlp.up_proj.weight'
p_language_model_layers_33_mlp_down_proj_weight: PARAMETER target='language_model.layers.33.mlp.down_proj.weight'
p_language_model_layers_33_input_layernorm_weight: PARAMETER target='language_model.layers.33.input_layernorm.weight'
p_language_model_layers_33_post_attention_layernorm_weight: PARAMETER target='language_model.layers.33.post_attention_layernorm.weight'
p_language_model_layers_33_pre_feedforward_layernorm_weight: PARAMETER target='language_model.layers.33.pre_feedforward_layernorm.weight'
p_language_model_layers_33_post_feedforward_layernorm_weight: PARAMETER target='language_model.layers.33.post_feedforward_layernorm.weight'
p_language_model_layers_33_per_layer_input_gate_weight: PARAMETER target='language_model.layers.33.per_layer_input_gate.weight'
p_language_model_layers_33_per_layer_projection_weight: PARAMETER target='language_model.layers.33.per_layer_projection.weight'
p_language_model_layers_33_post_per_layer_input_norm_weight: PARAMETER target='language_model.layers.33.post_per_layer_input_norm.weight'
p_language_model_layers_34_self_attn_q_proj_weight: PARAMETER target='language_model.layers.34.self_attn.q_proj.weight'
p_language_model_layers_34_self_attn_q_norm_weight: PARAMETER target='language_model.layers.34.self_attn.q_norm.weight'
p_language_model_layers_34_self_attn_o_proj_weight: PARAMETER target='language_model.layers.34.self_attn.o_proj.weight'
p_language_model_layers_34_mlp_gate_proj_weight: PARAMETER target='language_model.layers.34.mlp.gate_proj.weight'
p_language_model_layers_34_mlp_up_proj_weight: PARAMETER target='language_model.layers.34.mlp.up_proj.weight'
p_language_model_layers_34_mlp_down_proj_weight: PARAMETER target='language_model.layers.34.mlp.down_proj.weight'
p_language_model_layers_34_input_layernorm_weight: PARAMETER target='language_model.layers.34.input_layernorm.weight'
p_language_model_layers_34_post_attention_layernorm_weight: PARAMETER target='language_model.layers.34.post_attention_layernorm.weight'
p_language_model_layers_34_pre_feedforward_layernorm_weight: PARAMETER target='language_model.layers.34.pre_feedforward_layernorm.weight'
p_language_model_layers_34_post_feedforward_layernorm_weight: PARAMETER target='language_model.layers.34.post_feedforward_layernorm.weight'
p_language_model_layers_34_per_layer_input_gate_weight: PARAMETER target='language_model.layers.34.per_layer_input_gate.weight'
p_language_model_layers_34_per_layer_projection_weight: PARAMETER target='language_model.layers.34.per_layer_projection.weight'
p_language_model_layers_34_post_per_layer_input_norm_weight: PARAMETER target='language_model.layers.34.post_per_layer_input_norm.weight'
p_language_model_norm_weight: PARAMETER target='language_model.norm.weight'
p_language_model_embed_tokens_per_layer_weight: PARAMETER target='language_model.embed_tokens_per_layer.weight'
p_language_model_per_layer_model_projection_weight: PARAMETER target='language_model.per_layer_model_projection.weight'
p_language_model_per_layer_projection_norm_weight: PARAMETER target='language_model.per_layer_projection_norm.weight'
p_lm_head_weight: PARAMETER target='lm_head.weight'
b__softcap: BUFFER target='_softcap' persistent=True
b_language_model_embed_tokens_embed_scale: BUFFER target='language_model.embed_tokens.embed_scale' persistent=False
b_language_model_layers_0_layer_scalar: BUFFER target='language_model.layers.0.layer_scalar' persistent=True
b_language_model_layers_1_layer_scalar: BUFFER target='language_model.layers.1.layer_scalar' persistent=True
b_language_model_layers_2_layer_scalar: BUFFER target='language_model.layers.2.layer_scalar' persistent=True
b_language_model_layers_3_layer_scalar: BUFFER target='language_model.layers.3.layer_scalar' persistent=True
b_language_model_layers_4_layer_scalar: BUFFER target='language_model.layers.4.layer_scalar' persistent=True
b_language_model_layers_5_layer_scalar: BUFFER target='language_model.layers.5.layer_scalar' persistent=True
b_language_model_layers_6_layer_scalar: BUFFER target='language_model.layers.6.layer_scalar' persistent=True
b_language_model_layers_7_layer_scalar: BUFFER target='language_model.layers.7.layer_scalar' persistent=True
b_language_model_layers_8_layer_scalar: BUFFER target='language_model.layers.8.layer_scalar' persistent=True
b_language_model_layers_9_layer_scalar: BUFFER target='language_model.layers.9.layer_scalar' persistent=True
b_language_model_layers_10_layer_scalar: BUFFER target='language_model.layers.10.layer_scalar' persistent=True
b_language_model_layers_11_layer_scalar: BUFFER target='language_model.layers.11.layer_scalar' persistent=True
b_language_model_layers_12_layer_scalar: BUFFER target='language_model.layers.12.layer_scalar' persistent=True
b_language_model_layers_13_layer_scalar: BUFFER target='language_model.layers.13.layer_scalar' persistent=True
b_language_model_layers_14_layer_scalar: BUFFER target='language_model.layers.14.layer_scalar' persistent=True
b_language_model_layers_15_layer_scalar: BUFFER target='language_model.layers.15.layer_scalar' persistent=True
b_language_model_layers_16_layer_scalar: BUFFER target='language_model.layers.16.layer_scalar' persistent=True
b_language_model_layers_17_layer_scalar: BUFFER target='language_model.layers.17.layer_scalar' persistent=True
b_language_model_layers_18_layer_scalar: BUFFER target='language_model.layers.18.layer_scalar' persistent=True
b_language_model_layers_19_layer_scalar: BUFFER target='language_model.layers.19.layer_scalar' persistent=True
b_language_model_layers_20_layer_scalar: BUFFER target='language_model.layers.20.layer_scalar' persistent=True
b_language_model_layers_21_layer_scalar: BUFFER target='language_model.layers.21.layer_scalar' persistent=True
b_language_model_layers_22_layer_scalar: BUFFER target='language_model.layers.22.layer_scalar' persistent=True
b_language_model_layers_23_layer_scalar: BUFFER target='language_model.layers.23.layer_scalar' persistent=True
b_language_model_layers_24_layer_scalar: BUFFER target='language_model.layers.24.layer_scalar' persistent=True
b_language_model_layers_25_layer_scalar: BUFFER target='language_model.layers.25.layer_scalar' persistent=True
b_language_model_layers_26_layer_scalar: BUFFER target='language_model.layers.26.layer_scalar' persistent=True
b_language_model_layers_27_layer_scalar: BUFFER target='language_model.layers.27.layer_scalar' persistent=True
b_language_model_layers_28_layer_scalar: BUFFER target='language_model.layers.28.layer_scalar' persistent=True
b_language_model_layers_29_layer_scalar: BUFFER target='language_model.layers.29.layer_scalar' persistent=True
b_language_model_layers_30_layer_scalar: BUFFER target='language_model.layers.30.layer_scalar' persistent=True
b_language_model_layers_31_layer_scalar: BUFFER target='language_model.layers.31.layer_scalar' persistent=True
b_language_model_layers_32_layer_scalar: BUFFER target='language_model.layers.32.layer_scalar' persistent=True
b_language_model_layers_33_layer_scalar: BUFFER target='language_model.layers.33.layer_scalar' persistent=True
b_language_model_layers_34_layer_scalar: BUFFER target='language_model.layers.34.layer_scalar' persistent=True
b_language_model_rotary_emb_sliding_attention_inv_freq: BUFFER target='language_model.rotary_emb.sliding_attention_inv_freq' persistent=False
b_language_model_rotary_emb_sliding_attention_original_inv_freq: BUFFER target='language_model.rotary_emb.sliding_attention_original_inv_freq' persistent=False
b_language_model_rotary_emb_full_attention_inv_freq: BUFFER target='language_model.rotary_emb.full_attention_inv_freq' persistent=False
b_language_model_rotary_emb_full_attention_original_inv_freq: BUFFER target='language_model.rotary_emb.full_attention_original_inv_freq' persistent=False
b_language_model_embed_tokens_per_layer_embed_scale: BUFFER target='language_model.embed_tokens_per_layer.embed_scale' persistent=False
c_language_model_layers_0_self_attn_lifted_tensor_0: CONSTANT_TENSOR target='language_model.layers.0.self_attn.lifted_tensor_0'
c_language_model_layers_0_self_attn_lifted_tensor_1: CONSTANT_TENSOR target='language_model.layers.0.self_attn.lifted_tensor_1'
c_language_model_layers_0_self_attn_lifted_tensor_2: CONSTANT_TENSOR target='language_model.layers.0.self_attn.lifted_tensor_2'
c_language_model_layers_1_self_attn_lifted_tensor_3: CONSTANT_TENSOR target='language_model.layers.1.self_attn.lifted_tensor_3'
c_language_model_layers_1_self_attn_lifted_tensor_4: CONSTANT_TENSOR target='language_model.layers.1.self_attn.lifted_tensor_4'
c_language_model_layers_1_self_attn_lifted_tensor_5: CONSTANT_TENSOR target='language_model.layers.1.self_attn.lifted_tensor_5'
c_language_model_layers_2_self_attn_lifted_tensor_6: CONSTANT_TENSOR target='language_model.layers.2.self_attn.lifted_tensor_6'
c_language_model_layers_2_self_attn_lifted_tensor_7: CONSTANT_TENSOR target='language_model.layers.2.self_attn.lifted_tensor_7'
c_language_model_layers_2_self_attn_lifted_tensor_8: CONSTANT_TENSOR target='language_model.layers.2.self_attn.lifted_tensor_8'
c_language_model_layers_3_self_attn_lifted_tensor_9: CONSTANT_TENSOR target='language_model.layers.3.self_attn.lifted_tensor_9'
c_language_model_layers_3_self_attn_lifted_tensor_10: CONSTANT_TENSOR target='language_model.layers.3.self_attn.lifted_tensor_10'
c_language_model_layers_3_self_attn_lifted_tensor_11: CONSTANT_TENSOR target='language_model.layers.3.self_attn.lifted_tensor_11'
c_language_model_layers_4_self_attn_lifted_tensor_12: CONSTANT_TENSOR target='language_model.layers.4.self_attn.lifted_tensor_12'
c_language_model_layers_4_self_attn_lifted_tensor_13: CONSTANT_TENSOR target='language_model.layers.4.self_attn.lifted_tensor_13'
c_language_model_layers_4_self_attn_lifted_tensor_14: CONSTANT_TENSOR target='language_model.layers.4.self_attn.lifted_tensor_14'
c_language_model_layers_5_self_attn_lifted_tensor_15: CONSTANT_TENSOR target='language_model.layers.5.self_attn.lifted_tensor_15'
c_language_model_layers_5_self_attn_lifted_tensor_16: CONSTANT_TENSOR target='language_model.layers.5.self_attn.lifted_tensor_16'
c_language_model_layers_5_self_attn_lifted_tensor_17: CONSTANT_TENSOR target='language_model.layers.5.self_attn.lifted_tensor_17'
c_language_model_layers_6_self_attn_lifted_tensor_18: CONSTANT_TENSOR target='language_model.layers.6.self_attn.lifted_tensor_18'
c_language_model_layers_6_self_attn_lifted_tensor_19: CONSTANT_TENSOR target='language_model.layers.6.self_attn.lifted_tensor_19'
c_language_model_layers_6_self_attn_lifted_tensor_20: CONSTANT_TENSOR target='language_model.layers.6.self_attn.lifted_tensor_20'
c_language_model_layers_7_self_attn_lifted_tensor_21: CONSTANT_TENSOR target='language_model.layers.7.self_attn.lifted_tensor_21'
c_language_model_layers_7_self_attn_lifted_tensor_22: CONSTANT_TENSOR target='language_model.layers.7.self_attn.lifted_tensor_22'
c_language_model_layers_7_self_attn_lifted_tensor_23: CONSTANT_TENSOR target='language_model.layers.7.self_attn.lifted_tensor_23'
c_language_model_layers_8_self_attn_lifted_tensor_24: CONSTANT_TENSOR target='language_model.layers.8.self_attn.lifted_tensor_24'
c_language_model_layers_8_self_attn_lifted_tensor_25: CONSTANT_TENSOR target='language_model.layers.8.self_attn.lifted_tensor_25'
c_language_model_layers_8_self_attn_lifted_tensor_26: CONSTANT_TENSOR target='language_model.layers.8.self_attn.lifted_tensor_26'
c_language_model_layers_9_self_attn_lifted_tensor_27: CONSTANT_TENSOR target='language_model.layers.9.self_attn.lifted_tensor_27'
c_language_model_layers_9_self_attn_lifted_tensor_28: CONSTANT_TENSOR target='language_model.layers.9.self_attn.lifted_tensor_28'
c_language_model_layers_9_self_attn_lifted_tensor_29: CONSTANT_TENSOR target='language_model.layers.9.self_attn.lifted_tensor_29'
c_language_model_layers_10_self_attn_lifted_tensor_30: CONSTANT_TENSOR target='language_model.layers.10.self_attn.lifted_tensor_30'
c_language_model_layers_10_self_attn_lifted_tensor_31: CONSTANT_TENSOR target='language_model.layers.10.self_attn.lifted_tensor_31'
c_language_model_layers_10_self_attn_lifted_tensor_32: CONSTANT_TENSOR target='language_model.layers.10.self_attn.lifted_tensor_32'
c_language_model_layers_11_self_attn_lifted_tensor_33: CONSTANT_TENSOR target='language_model.layers.11.self_attn.lifted_tensor_33'
c_language_model_layers_11_self_attn_lifted_tensor_34: CONSTANT_TENSOR target='language_model.layers.11.self_attn.lifted_tensor_34'
c_language_model_layers_11_self_attn_lifted_tensor_35: CONSTANT_TENSOR target='language_model.layers.11.self_attn.lifted_tensor_35'
c_language_model_layers_12_self_attn_lifted_tensor_36: CONSTANT_TENSOR target='language_model.layers.12.self_attn.lifted_tensor_36'
c_language_model_layers_12_self_attn_lifted_tensor_37: CONSTANT_TENSOR target='language_model.layers.12.self_attn.lifted_tensor_37'
c_language_model_layers_12_self_attn_lifted_tensor_38: CONSTANT_TENSOR target='language_model.layers.12.self_attn.lifted_tensor_38'
c_language_model_layers_13_self_attn_lifted_tensor_39: CONSTANT_TENSOR target='language_model.layers.13.self_attn.lifted_tensor_39'
c_language_model_layers_13_self_attn_lifted_tensor_40: CONSTANT_TENSOR target='language_model.layers.13.self_attn.lifted_tensor_40'
c_language_model_layers_13_self_attn_lifted_tensor_41: CONSTANT_TENSOR target='language_model.layers.13.self_attn.lifted_tensor_41'
c_language_model_layers_14_self_attn_lifted_tensor_42: CONSTANT_TENSOR target='language_model.layers.14.self_attn.lifted_tensor_42'
c_language_model_layers_14_self_attn_lifted_tensor_43: CONSTANT_TENSOR target='language_model.layers.14.self_attn.lifted_tensor_43'
c_language_model_layers_14_self_attn_lifted_tensor_44: CONSTANT_TENSOR target='language_model.layers.14.self_attn.lifted_tensor_44'
input_ids: USER_INPUT
attention_mask: USER_INPUT
position_ids: USER_INPUT
cache_position: USER_INPUT

# outputs
mul_655: USER_OUTPUT
/opt/anaconda3/envs/gemma4/lib/python3.12/site-packages/torch/export/pt2_archive/_package.py:790: UserWarning: The given buffer is not writable, and PyTorch does not support non-writable tensors. This means you can write to the underlying (supposedly non-writable) buffer using the tensor. You may want to copy the buffer to protect its data or make it writable before converting it to a tensor. This type of warning will be suppressed for the rest of this program. (Triggered internally at /Users/runner/work/pytorch/pytorch/pytorch/torch/csrc/utils/tensor_new.cpp:1592.)
  tensor = torch.frombuffer(


Saved ExportedProgram to: /Users/hruthviik/Documents/play_code/gemma4-executorch-pi5/models/gemma4_e2b_text_fp32.pt2
  zipfile.is_zipfile: True (18.54 GB)
  round-trip load: OK (4 inputs)
